** ComfyUI startup time: 2024-03-22 02:36:54.103328
[2024-03-22 02:36] ** Platform: Linux
[2024-03-22 02:36] ** Python version: 3.10.12 (main, Nov 20 2023, 15:14:05) [GCC 11.4.0]
[2024-03-22 02:36] ** Python executable: /venv/bin/python
[2024-03-22 02:36] ** Log path: /workspace/ComfyUI/comfyui.log
[2024-03-22 02:36] 
Prestartup times for custom nodes:
[2024-03-22 02:36]    0.0 seconds: /workspace/ComfyUI/custom_nodes/ComfyUI-Manager
[2024-03-22 02:36] 
[2024-03-22 02:36] Total VRAM 20154 MB, total RAM 257841 MB
[2024-03-22 02:36] xformers version: 0.0.22
[2024-03-22 02:36] Set vram state to: NORMAL_VRAM
[2024-03-22 02:36] Device: cuda:0 NVIDIA RTX 4000 Ada Generation : cudaMallocAsync
[2024-03-22 02:36] VAE dtype: torch.bfloat16
[2024-03-22 02:36] Using xformers cross attention
[2024-03-22 02:36] ### Loading: ComfyUI-Manager (V2.7.1)
[2024-03-22 02:36] ### ComfyUI Revision: 1958 [236bda26] | Released on '2024-02-05'
[2024-03-22 02:36] 
Import times for custom nodes:
[2024-03-22 02:36]    0.1 seconds: /workspace/ComfyUI/custom_nodes/ComfyUI-Manager
[2024-03-22 02:36] 
[2024-03-22 02:36] Starting server
[2024-03-22 02:36] 
[2024-03-22 02:36] To see the GUI go to: http://0.0.0.0:3000
[2024-03-22 02:36] [ComfyUI-Manager] default cache updated: https://raw.githubusercontent.com/ltdrdata/ComfyUI-Manager/main/alter-list.json
[2024-03-22 02:36] [ComfyUI-Manager] default cache updated: https://raw.githubusercontent.com/ltdrdata/ComfyUI-Manager/main/extension-node-map.json
[2024-03-22 02:36] [ComfyUI-Manager] default cache updated: https://raw.githubusercontent.com/ltdrdata/ComfyUI-Manager/main/custom-node-list.json
[2024-03-22 02:36] [ComfyUI-Manager] default cache updated: https://raw.githubusercontent.com/ltdrdata/ComfyUI-Manager/main/model-list.json
