** ComfyUI startup time: 2024-03-22 21:00:19.577802
[2024-03-22 21:00] ** Platform: Linux
[2024-03-22 21:00] ** Python version: 3.10.12 (main, Nov 20 2023, 15:14:05) [GCC 11.4.0]
[2024-03-22 21:00] ** Python executable: /venv/bin/python
[2024-03-22 21:00] ** Log path: /workspace/ComfyUI/comfyui.log
[2024-03-22 21:00] 
Prestartup times for custom nodes:
[2024-03-22 21:00]    0.0 seconds: /workspace/ComfyUI/custom_nodes/ComfyUI-Manager
[2024-03-22 21:00] 
[2024-03-22 21:00] Total VRAM 20154 MB, total RAM 257841 MB
[2024-03-22 21:00] xformers version: 0.0.22
[2024-03-22 21:00] Set vram state to: NORMAL_VRAM
[2024-03-22 21:00] Device: cuda:0 NVIDIA RTX 4000 Ada Generation : cudaMallocAsync
[2024-03-22 21:00] VAE dtype: torch.bfloat16
[2024-03-22 21:00] Using xformers cross attention
[2024-03-22 21:00] ### Loading: ComfyUI-Manager (V2.7.1)
[2024-03-22 21:00] ### ComfyUI Revision: 1958 [236bda26] | Released on '2024-02-05'
[2024-03-22 21:00] Traceback (most recent call last):
  File "/workspace/ComfyUI/nodes.py", line 1893, in load_custom_node
    module_spec.loader.exec_module(module)
  File "<frozen importlib._bootstrap_external>", line 883, in exec_module
  File "<frozen importlib._bootstrap>", line 241, in _call_with_frames_removed
  File "/workspace/ComfyUI/custom_nodes/ComfyUI_InstantID/__init__.py", line 1, in <module>
    from .InstantID import NODE_CLASS_MAPPINGS, NODE_DISPLAY_NAME_MAPPINGS
  File "/workspace/ComfyUI/custom_nodes/ComfyUI_InstantID/InstantID.py", line 7, in <module>
    import cv2
ModuleNotFoundError: No module named 'cv2'
[2024-03-22 21:00] 
[2024-03-22 21:00] Cannot import /workspace/ComfyUI/custom_nodes/ComfyUI_InstantID module for custom nodes: No module named 'cv2'
[2024-03-22 21:00] 
Import times for custom nodes:
[2024-03-22 21:00]    0.0 seconds (IMPORT FAILED): /workspace/ComfyUI/custom_nodes/ComfyUI_InstantID
[2024-03-22 21:00]    0.1 seconds: /workspace/ComfyUI/custom_nodes/ComfyUI-Manager
[2024-03-22 21:00] 
[2024-03-22 21:00] Starting server
[2024-03-22 21:00] 
[2024-03-22 21:00] To see the GUI go to: http://0.0.0.0:3000
[2024-03-22 21:00] [ComfyUI-Manager] default cache updated: https://raw.githubusercontent.com/ltdrdata/ComfyUI-Manager/main/alter-list.json
[2024-03-22 21:00] [ComfyUI-Manager] default cache updated: https://raw.githubusercontent.com/ltdrdata/ComfyUI-Manager/main/model-list.json
[2024-03-22 21:00] [ComfyUI-Manager] default cache updated: https://raw.githubusercontent.com/ltdrdata/ComfyUI-Manager/main/custom-node-list.json
[2024-03-22 21:00] [ComfyUI-Manager] default cache updated: https://raw.githubusercontent.com/ltdrdata/ComfyUI-Manager/main/extension-node-map.json
